Arguments: 
  /usr/local/bin/node /usr/local/bin/yarn add ethersjs

PATH: 
  /Users/chris/.cargo/bin:/Users/chris/anaconda3/bin:/Users/chris/anaconda3/condabin:/Volumes/Mini/anaconda/anaconda3/bin:/Users/chris/holochain:/Users/chris/hc:/Users/chris/.cargo/bin:/Users/chris/.local/bin:/usr/local/sbin:/Users/chris/.fastlane/bin:/opt/local/bin:/opt/local/sbin:/Users/chris/anaconda/bin:/usr/local/bin:/usr/bin:/bin:/usr/sbin:/sbin:/usr/local/go/bin:/usr/local/MacGPG2/bin:/usr/local/share/dotnet:/opt/X11/bin:~/.dotnet/tools:/Library/Frameworks/Mono.framework/Versions/Current/Commands:/Applications/Xamarin Workbooks.app/Contents/SharedSupport/path-bin:/Users/chris/Library/Android/sdk/emulator:/Users/chris/Library/Android/sdk/tools:/Users/chris/Library/Android/sdk/tools/bin:/Users/chris/Library/Android/sdk/platform-tools

Yarn version: 
  1.17.3

Node version: 
  10.7.0

Platform: 
  darwin x64

Trace: 
  Error: https://registry.yarnpkg.com/ethersjs: Not found
      at Request.params.callback [as _callback] (/usr/local/lib/node_modules/yarn/lib/cli.js:66830:18)
      at Request.self.callback (/usr/local/lib/node_modules/yarn/lib/cli.js:140464:22)
      at Request.emit (events.js:182:13)
      at Request.<anonymous> (/usr/local/lib/node_modules/yarn/lib/cli.js:141436:10)
      at Request.emit (events.js:182:13)
      at IncomingMessage.<anonymous> (/usr/local/lib/node_modules/yarn/lib/cli.js:141358:12)
      at Object.onceWrapper (events.js:273:13)
      at IncomingMessage.emit (events.js:187:15)
      at endReadableNT (_stream_readable.js:1081:12)
      at process._tickCallback (internal/process/next_tick.js:63:19)

npm manifest: 
  {
    "name": "walletGuesser",
    "version": "1.0.0",
    "main": "index.js",
    "license": "MIT"
  }

yarn manifest: 
  No manifest

Lockfile: 
  No lockfile
